<?xml version="1.0" encoding="UTF-8"?>
<!-- Generated by org.testng.reporters.JUnitReportReporter -->
<testsuite skipped="0" hostname="PUNITP273891L" name="com.hms.testcases.DashboardPageTest" tests="1" failures="0" timestamp="14 Jun 2020 15:41:56 GMT" time="4.740" errors="0">
  <testcase name="verifyLogin" time="4.740" classname="com.hms.testcases.DashboardPageTest"/>
</testsuite> <!-- com.hms.testcases.DashboardPageTest -->
