<?xml version="1.0" encoding="UTF-8"?>
<!-- Generated by org.testng.reporters.JUnitReportReporter -->
<testsuite hostname="PUNITP273891L" name="com.hms.testcases.ExtentReportsClass" tests="1" failures="0" timestamp="14 Jun 2020 12:11:53 GMT" time="7.799" errors="0">
  <testcase name="verifyLogin" time="7.799" classname="com.hms.testcases.ExtentReportsClass"/>
</testsuite> <!-- com.hms.testcases.ExtentReportsClass -->
